Change Component Physical Designator: Old Designator=C1 New Designator=C1_CTRL
Change Component Physical Designator: Old Designator=C1 New Designator=C1_MCU
Change Component Physical Designator: Old Designator=C2 New Designator=C2_CTRL
Change Component Physical Designator: Old Designator=C2 New Designator=C2_MCU
Change Component Physical Designator: Old Designator=C3 New Designator=C3_CTRL
Change Component Physical Designator: Old Designator=C3 New Designator=C3_MCU
Change Component Physical Designator: Old Designator=C4 New Designator=C4_CTRL
Change Component Physical Designator: Old Designator=C4 New Designator=C4_MCU
Change Component Physical Designator: Old Designator=C5 New Designator=C5_CTRL
Change Component Physical Designator: Old Designator=C5 New Designator=C5_MCU
Change Component Physical Designator: Old Designator=C6 New Designator=C6_MCU
Change Component Physical Designator: Old Designator=C7 New Designator=C7_MCU
Change Component Physical Designator: Old Designator=C8 New Designator=C8_MCU
Change Component Physical Designator: Old Designator=C9 New Designator=C9_MCU
Change Component Physical Designator: Old Designator=J1 New Designator=J1_CTRL
Change Component Physical Designator: Old Designator=J2 New Designator=J2_CTRL
Change Component Physical Designator: Old Designator=J3 New Designator=J3_CTRL
Change Component Physical Designator: Old Designator=J4 New Designator=J4_CTRL
Change Component Physical Designator: Old Designator=J5 New Designator=J5_CTRL
Change Component Physical Designator: Old Designator=J6 New Designator=J6_CTRL
Change Component Physical Designator: Old Designator=J7 New Designator=J7_CTRL
Change Component Physical Designator: Old Designator=J8 New Designator=J8_CTRL
Change Component Physical Designator: Old Designator=J9 New Designator=J9_CTRL
Change Component Physical Designator: Old Designator=J10 New Designator=J10_CTRL
Change Component Physical Designator: Old Designator=J11 New Designator=J11_CTRL
Change Component Physical Designator: Old Designator=R1 New Designator=R1_MCU
Change Component Physical Designator: Old Designator=R2 New Designator=R2_MCU
Change Component Physical Designator: Old Designator=R3 New Designator=R3_MCU
Change Component Physical Designator: Old Designator=R4 New Designator=R4_MCU
Change Component Physical Designator: Old Designator=R5 New Designator=R5_MCU
Change Component Physical Designator: Old Designator=R6 New Designator=R6_MCU
Change Component Physical Designator: Old Designator=U1 New Designator=U1_MCU
