Change Component Physical Designator: Old Designator=C1 New Designator=C1_DAC
Change Component Physical Designator: Old Designator=C1 New Designator=C1_PLL
Change Component Physical Designator: Old Designator=C1 New Designator=C1_POW
Change Component Physical Designator: Old Designator=C2 New Designator=C2_DAC
Change Component Physical Designator: Old Designator=C2 New Designator=C2_PLL
Change Component Physical Designator: Old Designator=C2 New Designator=C2_POW
Change Component Physical Designator: Old Designator=C3 New Designator=C3_DAC
Change Component Physical Designator: Old Designator=C3 New Designator=C3_PLL
Change Component Physical Designator: Old Designator=C3 New Designator=C3_POW
Change Component Physical Designator: Old Designator=C4 New Designator=C4_DAC
Change Component Physical Designator: Old Designator=C4 New Designator=C4_PLL
Change Component Physical Designator: Old Designator=C4 New Designator=C4_POW
Change Component Physical Designator: Old Designator=C5 New Designator=C5_DAC
Change Component Physical Designator: Old Designator=C5 New Designator=C5_PLL
Change Component Physical Designator: Old Designator=C5 New Designator=C5_POW
Change Component Physical Designator: Old Designator=C6 New Designator=C6_DAC
Change Component Physical Designator: Old Designator=C6 New Designator=C6_PLL
Change Component Physical Designator: Old Designator=C6 New Designator=C6_POW
Change Component Physical Designator: Old Designator=C7 New Designator=C7_DAC
Change Component Physical Designator: Old Designator=C7 New Designator=C7_PLL
Change Component Physical Designator: Old Designator=C8 New Designator=C8_PLL
Change Component Physical Designator: Old Designator=C9 New Designator=C9_PLL
Change Component Physical Designator: Old Designator=C10 New Designator=C10_PLL
Change Component Physical Designator: Old Designator=C11 New Designator=C11_PLL
Change Component Physical Designator: Old Designator=D1 New Designator=D1_POW
Change Component Physical Designator: Old Designator=D2 New Designator=D2_POW
Change Component Physical Designator: Old Designator=R1 New Designator=R1_POW
Change Component Physical Designator: Old Designator=R2 New Designator=R2_POW
Change Component Physical Designator: Old Designator=R3 New Designator=R3_POW
Change Component Physical Designator: Old Designator=R4 New Designator=R4_POW
Change Component Physical Designator: Old Designator=U1 New Designator=U1_DAC
Change Component Physical Designator: Old Designator=U1 New Designator=U1_PLL
Change Component Physical Designator: Old Designator=U1 New Designator=U1_POW
Change Component Physical Designator: Old Designator=U2 New Designator=U2_PLL
Change Component Physical Designator: Old Designator=U2 New Designator=U2_POW
Change Component Physical Designator: Old Designator=U2 New Designator=U2_DAC
Change Component Physical Designator: Old Designator=U2 New Designator=U2_DAC
Change Component Physical Designator: Old Designator=U3 New Designator=U3_PLL
